app/build/outputs/logs/manifest-merger-debug-report.txt
-- Merging decision tree log ---
manifest
ADDED from src\main\AndroidManifest.xml:2:1-222:12
INJECTED from src\main\AndroidManifest.xml:2:1-222:12
INJECTED from src\main\AndroidManifest.xml:2:1-222:12
INJECTED from src\main\AndroidManifest.xml:2:1-222:12
MERGED from [com.android.support:design:24.2.1] AndroidManifest.xml:17:1-24:12
MERGED from [com.android.support:appcompat-v7:24.2.1] AndroidManifest.xml:17:1-27:12
MERGED from [com.google.android.gms:play-services-vision:10.0.0] AndroidManifest.xml:2:1-5:12
MERGED from [io.anyline:anylinesdk:3.20.0] AndroidManifest.xml:2:1-22:12
MERGED from [com.google.android.gms:play-services-base:10.0.0] AndroidManifest.xml:16:1-21:12
MERGED from [com.google.android.gms:play-services-tasks:10.0.0] AndroidManifest.xml:2:1-5:12
MERGED from [com.google.android.gms:play-services-basement:10.0.0] AndroidManifest.xml:16:1-23:12
MERGED from [com.android.support:support-v4:24.2.1] AndroidManifest.xml:17:1-27:12
MERGED from [com.android.support:animated-vector-drawable:24.2.1] AndroidManifest.xml:17:1-24:12
MERGED from [com.android.support:support-vector-drawable:24.2.1] AndroidManifest.xml:17:1-25:12
MERGED from [com.android.support:recyclerview-v7:24.2.1] AndroidManifest.xml:17:1-22:12
MERGED from [com.android.support:support-fragment:24.2.1] AndroidManifest.xml:17:1-27:12
MERGED from [com.android.support:support-core-ui:24.2.1] AndroidManifest.xml:17:1-27:12
MERGED from [com.android.support:support-media-compat:24.2.1] AndroidManifest.xml:17:1-27:12
MERGED from [com.android.support:support-core-utils:24.2.1] AndroidManifest.xml:17:1-27:12
MERGED from [com.android.support:support-compat:24.2.1] AndroidManifest.xml:17:1-27:12
INJECTED from src\main\AndroidManifest.xml:2:1-222:12
INJECTED from src\main\AndroidManifest.xml:2:1-222:12
INJECTED from src\main\AndroidManifest.xml:2:1-222:12
	package
		ADDED from src\main\AndroidManifest.xml:3:5-34
		INJECTED from src\main\AndroidManifest.xml
		INJECTED from src\main\AndroidManifest.xml
	android:versionName
		INJECTED from src\main\AndroidManifest.xml
		ADDED from src\main\AndroidManifest.xml:2:1-222:12
		INJECTED from src\main\AndroidManifest.xml
	android:versionCode
		INJECTED from src\main\AndroidManifest.xml
		ADDED from src\main\AndroidManifest.xml:2:1-222:12
		INJECTED from src\main\AndroidManifest.xml
	xmlns:android
		ADDED from src\main\AndroidManifest.xml:4:5-63
uses-permission#android.permission.CAMERA
ADDED from src\main\AndroidManifest.xml:6:5-64
	android:name
		ADDED from src\main\AndroidManifest.xml:6:22-62
uses-permission#android.permission.VIBRATE
ADDED from src\main\AndroidManifest.xml:7:5-65
	android:name
		ADDED from src\main\AndroidManifest.xml:7:22-63
uses-permission#android.permission.INTERNET
ADDED from src\main\AndroidManifest.xml:8:5-66
MERGED from [io.anyline:anylinesdk:3.20.0] AndroidManifest.xml:12:5-67
MERGED from [io.anyline:anylinesdk:3.20.0] AndroidManifest.xml:12:5-67
	android:name
		ADDED from src\main\AndroidManifest.xml:8:22-64
application
ADDED from src\main\AndroidManifest.xml:10:5-220:19
MERGED from [com.android.support:design:24.2.1] AndroidManifest.xml:22:5-20
MERGED from [com.android.support:design:24.2.1] AndroidManifest.xml:22:5-20
MERGED from [com.android.support:appcompat-v7:24.2.1] AndroidManifest.xml:25:5-20
MERGED from [com.android.support:appcompat-v7:24.2.1] AndroidManifest.xml:25:5-20
MERGED from [com.google.android.gms:play-services-vision:10.0.0] AndroidManifest.xml:4:5-19
MERGED from [com.google.android.gms:play-services-vision:10.0.0] AndroidManifest.xml:4:5-19
MERGED from [io.anyline:anylinesdk:3.20.0] AndroidManifest.xml:14:5-20:19
MERGED from [io.anyline:anylinesdk:3.20.0] AndroidManifest.xml:14:5-20:19
MERGED from [com.google.android.gms:play-services-base:10.0.0] AndroidManifest.xml:18:5-20:19
MERGED from [com.google.android.gms:play-services-base:10.0.0] AndroidManifest.xml:18:5-20:19
MERGED from [com.google.android.gms:play-services-tasks:10.0.0] AndroidManifest.xml:4:5-19
MERGED from [com.google.android.gms:play-services-tasks:10.0.0] AndroidManifest.xml:4:5-19
MERGED from [com.google.android.gms:play-services-basement:10.0.0] AndroidManifest.xml:19:5-21:19
MERGED from [com.google.android.gms:play-services-basement:10.0.0] AndroidManifest.xml:19:5-21:19
MERGED from [com.android.support:support-v4:24.2.1] AndroidManifest.xml:25:5-20
MERGED from [com.android.support:support-v4:24.2.1] AndroidManifest.xml:25:5-20
MERGED from [com.android.support:animated-vector-drawable:24.2.1] AndroidManifest.xml:22:5-20
MERGED from [com.android.support:animated-vector-drawable:24.2.1] AndroidManifest.xml:22:5-20
MERGED from [com.android.support:support-vector-drawable:24.2.1] AndroidManifest.xml:23:5-20
MERGED from [com.android.support:support-vector-drawable:24.2.1] AndroidManifest.xml:23:5-20
MERGED from [com.android.support:support-fragment:24.2.1] AndroidManifest.xml:25:5-20
MERGED from [com.android.support:support-fragment:24.2.1] AndroidManifest.xml:25:5-20
MERGED from [com.android.support:support-core-ui:24.2.1] AndroidManifest.xml:25:5-20
MERGED from [com.android.support:support-core-ui:24.2.1] AndroidManifest.xml:25:5-20
MERGED from [com.android.support:support-media-compat:24.2.1] AndroidManifest.xml:25:5-20
MERGED from [com.android.support:support-media-compat:24.2.1] AndroidManifest.xml:25:5-20
MERGED from [com.android.support:support-core-utils:24.2.1] AndroidManifest.xml:25:5-20
MERGED from [com.android.support:support-core-utils:24.2.1] AndroidManifest.xml:25:5-20
MERGED from [com.android.support:support-compat:24.2.1] AndroidManifest.xml:25:5-20
MERGED from [com.android.support:support-compat:24.2.1] AndroidManifest.xml:25:5-20
	android:label
		ADDED from src\main\AndroidManifest.xml:13:9-41
	android:icon
		ADDED from src\main\AndroidManifest.xml:12:9-43
	android:allowBackup
		ADDED from src\main\AndroidManifest.xml:11:9-35
	android:theme
		ADDED from src\main\AndroidManifest.xml:14:9-40
activity#io.anyline.examples.MainActivity
ADDED from src\main\AndroidManifest.xml:15:9-23:20
	android:label
		ADDED from src\main\AndroidManifest.xml:17:13-45
	android:name
		ADDED from src\main\AndroidManifest.xml:16:13-41
intent-filter#android.intent.action.MAIN+android.intent.category.LAUNCHER
ADDED from src\main\AndroidManifest.xml:18:13-22:29
action#android.intent.action.MAIN
ADDED from src\main\AndroidManifest.xml:19:17-68
	android:name
		ADDED from src\main\AndroidManifest.xml:19:25-66
category#android.intent.category.LAUNCHER
ADDED from src\main\AndroidManifest.xml:21:17-76
	android:name
		ADDED from src\main\AndroidManifest.xml:21:27-74
activity#io.anyline.examples.meter.ScanAnalogMeterActivity
ADDED from src\main\AndroidManifest.xml:24:9-28:51
	android:screenOrientation
		ADDED from src\main\AndroidManifest.xml:28:13-49
	android:parentActivityName
		ADDED from src\main\AndroidManifest.xml:27:13-55
	android:label
		ADDED from src\main\AndroidManifest.xml:26:13-55
	android:name
		ADDED from src\main\AndroidManifest.xml:25:13-58
activity#io.anyline.examples.meter.ScanDoubleTariffMeterActivity
ADDED from src\main\AndroidManifest.xml:29:9-33:51
	android:screenOrientation
		ADDED from src\main\AndroidManifest.xml:33:13-49
	android:parentActivityName
		ADDED from src\main\AndroidManifest.xml:32:13-55
	android:label
		ADDED from src\main\AndroidManifest.xml:31:13-62
	android:name
		ADDED from src\main\AndroidManifest.xml:30:13-64
activity#io.anyline.examples.meter.ScanDigitalMeterActivity
ADDED from src\main\AndroidManifest.xml:34:9-42:20
	android:screenOrientation
		ADDED from src\main\AndroidManifest.xml:38:13-49
	android:parentActivityName
		ADDED from src\main\AndroidManifest.xml:37:13-55
	android:label
		ADDED from src\main\AndroidManifest.xml:36:13-56
	android:name
		ADDED from src\main\AndroidManifest.xml:35:13-59
meta-data#android.support.PARENT_ACTIVITY
ADDED from src\main\AndroidManifest.xml:39:13-41:67
	android:value
		ADDED from src\main\AndroidManifest.xml:41:17-65
	android:name
		ADDED from src\main\AndroidManifest.xml:40:17-63
activity#io.anyline.examples.meter.ScanDigitalHeatMeterActivity
ADDED from src\main\AndroidManifest.xml:43:9-51:20
	android:screenOrientation
		ADDED from src\main\AndroidManifest.xml:47:13-49
	android:parentActivityName
		ADDED from src\main\AndroidManifest.xml:46:13-55
	android:label
		ADDED from src\main\AndroidManifest.xml:45:13-53
	android:name
		ADDED from src\main\AndroidManifest.xml:44:13-63
activity#io.anyline.examples.meter.ScanAutoAnalogDigitalMeterActivity
ADDED from src\main\AndroidManifest.xml:52:9-60:20
	android:screenOrientation
		ADDED from src\main\AndroidManifest.xml:56:13-49
	android:parentActivityName
		ADDED from src\main\AndroidManifest.xml:55:13-55
	android:label
		ADDED from src\main\AndroidManifest.xml:54:13-68
	android:name
		ADDED from src\main\AndroidManifest.xml:53:13-69
activity#io.anyline.examples.meter.ScanDialMeterActivity
ADDED from src\main\AndroidManifest.xml:61:9-69:20
	android:screenOrientation
		ADDED from src\main\AndroidManifest.xml:65:13-49
	android:parentActivityName
		ADDED from src\main\AndroidManifest.xml:64:13-55
	android:label
		ADDED from src\main\AndroidManifest.xml:63:13-53
	android:name
		ADDED from src\main\AndroidManifest.xml:62:13-56
activity#io.anyline.examples.meter.ScanSerialNumberActivity
ADDED from src\main\AndroidManifest.xml:70:9-78:20
	android:screenOrientation
		ADDED from src\main\AndroidManifest.xml:74:13-49
	android:parentActivityName
		ADDED from src\main\AndroidManifest.xml:73:13-55
	android:label
		ADDED from src\main\AndroidManifest.xml:72:13-56
	android:name
		ADDED from src\main\AndroidManifest.xml:71:13-59
activity#io.anyline.examples.meter.ScanDotMatrixMeterActivity
ADDED from src\main\AndroidManifest.xml:79:9-87:20
	android:screenOrientation
		ADDED from src\main\AndroidManifest.xml:83:13-49
	android:parentActivityName
		ADDED from src\main\AndroidManifest.xml:82:13-55
	android:label
		ADDED from src\main\AndroidManifest.xml:81:13-59
	android:name
		ADDED from src\main\AndroidManifest.xml:80:13-61
activity#io.anyline.examples.mrz.ScanMrzActivity
ADDED from src\main\AndroidManifest.xml:88:9-95:20
	android:parentActivityName
		ADDED from src\main\AndroidManifest.xml:91:13-55
	android:label
		ADDED from src\main\AndroidManifest.xml:90:13-46
	android:name
		ADDED from src\main\AndroidManifest.xml:89:13-48
activity#io.anyline.examples.barcode.ScanBarcodeActivity
ADDED from src\main\AndroidManifest.xml:96:9-104:20
	android:screenOrientation
		ADDED from src\main\AndroidManifest.xml:100:13-49
	android:parentActivityName
		ADDED from src\main\AndroidManifest.xml:99:13-55
	android:label
		ADDED from src\main\AndroidManifest.xml:98:13-50
	android:name
		ADDED from src\main\AndroidManifest.xml:97:13-56
activity#io.anyline.examples.document.ScanDocumentActivity
ADDED from src\main\AndroidManifest.xml:105:9-113:20
	android:screenOrientation
		ADDED from src\main\AndroidManifest.xml:109:13-49
	android:parentActivityName
		ADDED from src\main\AndroidManifest.xml:108:13-55
	android:label
		ADDED from src\main\AndroidManifest.xml:107:13-51
	android:name
		ADDED from src\main\AndroidManifest.xml:106:13-58
activity#io.anyline.examples.ocr.ScanScrabbleActivity
ADDED from src\main\AndroidManifest.xml:114:9-122:20
	android:screenOrientation
		ADDED from src\main\AndroidManifest.xml:118:13-49
	android:parentActivityName
		ADDED from src\main\AndroidManifest.xml:117:13-55
	android:label
		ADDED from src\main\AndroidManifest.xml:116:13-51
	android:name
		ADDED from src\main\AndroidManifest.xml:115:13-53
activity#io.anyline.examples.ocr.ScanBottlecapActivity
ADDED from src\main\AndroidManifest.xml:123:9-131:20
	android:screenOrientation
		ADDED from src\main\AndroidManifest.xml:127:13-49
	android:parentActivityName
		ADDED from src\main\AndroidManifest.xml:126:13-55
	android:label
		ADDED from src\main\AndroidManifest.xml:125:13-52
	android:name
		ADDED from src\main\AndroidManifest.xml:124:13-54
activity#io.anyline.examples.ocr.ScanRedBullCodeActivity
ADDED from src\main\AndroidManifest.xml:132:9-140:20
	android:screenOrientation
		ADDED from src\main\AndroidManifest.xml:136:13-49
	android:parentActivityName
		ADDED from src\main\AndroidManifest.xml:135:13-55
	android:label
		ADDED from src\main\AndroidManifest.xml:134:13-50
	android:name
		ADDED from src\main\AndroidManifest.xml:133:13-56
activity#io.anyline.examples.ocr.ScanIsbnActivity
ADDED from src\main\AndroidManifest.xml:141:9-149:20
	android:screenOrientation
		ADDED from src\main\AndroidManifest.xml:145:13-49
	android:parentActivityName
		ADDED from src\main\AndroidManifest.xml:144:13-55
	android:label
		ADDED from src\main\AndroidManifest.xml:143:13-47
	android:name
		ADDED from src\main\AndroidManifest.xml:142:13-49
activity#io.anyline.examples.ocr.ScanRecordActivity
ADDED from src\main\AndroidManifest.xml:150:9-158:20
	android:screenOrientation
		ADDED from src\main\AndroidManifest.xml:154:13-49
	android:parentActivityName
		ADDED from src\main\AndroidManifest.xml:153:13-55
	android:label
		ADDED from src\main\AndroidManifest.xml:152:13-49
	android:name
		ADDED from src\main\AndroidManifest.xml:151:13-51
activity#io.anyline.examples.ocr.ScanVoucherCodeActivity
ADDED from src\main\AndroidManifest.xml:159:9-167:20
	android:screenOrientation
		ADDED from src\main\AndroidManifest.xml:163:13-49
	android:parentActivityName
		ADDED from src\main\AndroidManifest.xml:162:13-55
	android:label
		ADDED from src\main\AndroidManifest.xml:161:13-50
	android:name
		ADDED from src\main\AndroidManifest.xml:160:13-56
activity#io.anyline.examples.ocr.ScanIbanActivity
ADDED from src\main\AndroidManifest.xml:168:9-176:20
	android:screenOrientation
		ADDED from src\main\AndroidManifest.xml:172:13-49
	android:parentActivityName
		ADDED from src\main\AndroidManifest.xml:171:13-55
	android:label
		ADDED from src\main\AndroidManifest.xml:170:13-47
	android:name
		ADDED from src\main\AndroidManifest.xml:169:13-49
activity#io.anyline.examples.licenseplate.ScanLicensePlateActivity
ADDED from src\main\AndroidManifest.xml:177:9-185:20
	android:screenOrientation
		ADDED from src\main\AndroidManifest.xml:181:13-49
	android:parentActivityName
		ADDED from src\main\AndroidManifest.xml:180:13-55
	android:label
		ADDED from src\main\AndroidManifest.xml:179:13-56
	android:name
		ADDED from src\main\AndroidManifest.xml:178:13-66
activity#io.anyline.examples.SettingsActivity
ADDED from src\main\AndroidManifest.xml:186:9-193:20
	android:parentActivityName
		ADDED from src\main\AndroidManifest.xml:189:13-55
	android:label
		ADDED from src\main\AndroidManifest.xml:188:13-45
	android:name
		ADDED from src\main\AndroidManifest.xml:187:13-45
activity#io.anyline.examples.ocr.apis.AnagramActivity
ADDED from src\main\AndroidManifest.xml:194:9-201:20
	android:parentActivityName
		ADDED from src\main\AndroidManifest.xml:197:13-67
	android:label
		ADDED from src\main\AndroidManifest.xml:196:13-58
	android:name
		ADDED from src\main\AndroidManifest.xml:195:13-53
activity#io.anyline.examples.ocr.apis.IsbnActivity
ADDED from src\main\AndroidManifest.xml:202:9-209:20
	android:parentActivityName
		ADDED from src\main\AndroidManifest.xml:205:13-63
	android:label
		ADDED from src\main\AndroidManifest.xml:204:13-54
	android:name
		ADDED from src\main\AndroidManifest.xml:203:13-50
activity#io.anyline.examples.ocr.apis.RecordSearchActivity
ADDED from src\main\AndroidManifest.xml:210:9-217:20
	android:parentActivityName
		ADDED from src\main\AndroidManifest.xml:213:13-65
	android:label
		ADDED from src\main\AndroidManifest.xml:212:13-56
	android:name
		ADDED from src\main\AndroidManifest.xml:211:13-58
uses-sdk
INJECTED from src\main\AndroidManifest.xml reason: use-sdk injection requested
INJECTED from src\main\AndroidManifest.xml
INJECTED from src\main\AndroidManifest.xml
MERGED from [com.android.support:design:24.2.1] AndroidManifest.xml:20:5-43
MERGED from [com.android.support:design:24.2.1] AndroidManifest.xml:20:5-43
MERGED from [com.android.support:appcompat-v7:24.2.1] AndroidManifest.xml:21:5-23:78
MERGED from [com.android.support:appcompat-v7:24.2.1] AndroidManifest.xml:21:5-23:78
MERGED from [com.google.android.gms:play-services-vision:10.0.0] AndroidManifest.xml:3:5-42
MERGED from [com.google.android.gms:play-services-vision:10.0.0] AndroidManifest.xml:3:5-42
MERGED from [io.anyline:anylinesdk:3.20.0] AndroidManifest.xml:8:5-10:41
MERGED from [io.anyline:anylinesdk:3.20.0] AndroidManifest.xml:8:5-10:41
MERGED from [com.google.android.gms:play-services-base:10.0.0] AndroidManifest.xml:17:5-42
MERGED from [com.google.android.gms:play-services-base:10.0.0] AndroidManifest.xml:17:5-42
MERGED from [com.google.android.gms:play-services-tasks:10.0.0] AndroidManifest.xml:3:5-42
MERGED from [com.google.android.gms:play-services-tasks:10.0.0] AndroidManifest.xml:3:5-42
MERGED from [com.google.android.gms:play-services-basement:10.0.0] AndroidManifest.xml:17:5-42
MERGED from [com.google.android.gms:play-services-basement:10.0.0] AndroidManifest.xml:17:5-42
MERGED from [com.android.support:support-v4:24.2.1] AndroidManifest.xml:21:5-23:54
MERGED from [com.android.support:support-v4:24.2.1] AndroidManifest.xml:21:5-23:54
MERGED from [com.android.support:animated-vector-drawable:24.2.1] AndroidManifest.xml:20:5-44
MERGED from [com.android.support:animated-vector-drawable:24.2.1] AndroidManifest.xml:20:5-44
MERGED from [com.android.support:support-vector-drawable:24.2.1] AndroidManifest.xml:21:5-43
MERGED from [com.android.support:support-vector-drawable:24.2.1] AndroidManifest.xml:21:5-43
MERGED from [com.android.support:recyclerview-v7:24.2.1] AndroidManifest.xml:20:5-43
MERGED from [com.android.support:recyclerview-v7:24.2.1] AndroidManifest.xml:20:5-43
MERGED from [com.android.support:support-fragment:24.2.1] AndroidManifest.xml:21:5-23:60
MERGED from [com.android.support:support-fragment:24.2.1] AndroidManifest.xml:21:5-23:60
MERGED from [com.android.support:support-core-ui:24.2.1] AndroidManifest.xml:21:5-23:58
MERGED from [com.android.support:support-core-ui:24.2.1] AndroidManifest.xml:21:5-23:58
MERGED from [com.android.support:support-media-compat:24.2.1] AndroidManifest.xml:21:5-23:63
MERGED from [com.android.support:support-media-compat:24.2.1] AndroidManifest.xml:21:5-23:63
MERGED from [com.android.support:support-core-utils:24.2.1] AndroidManifest.xml:21:5-23:61
MERGED from [com.android.support:support-core-utils:24.2.1] AndroidManifest.xml:21:5-23:61
MERGED from [com.android.support:support-compat:24.2.1] AndroidManifest.xml:21:5-23:58
MERGED from [com.android.support:support-compat:24.2.1] AndroidManifest.xml:21:5-23:58
INJECTED from src\main\AndroidManifest.xml
INJECTED from src\main\AndroidManifest.xml
	tools:overrideLibrary
		ADDED from [com.android.support:appcompat-v7:24.2.1] AndroidManifest.xml:23:9-75
	android:targetSdkVersion
		INJECTED from src\main\AndroidManifest.xml
		ADDED from src\main\AndroidManifest.xml
		INJECTED from src\main\AndroidManifest.xml
	android:minSdkVersion
		INJECTED from src\main\AndroidManifest.xml
		ADDED from src\main\AndroidManifest.xml
		INJECTED from src\main\AndroidManifest.xml
meta-data#com.google.android.gms.vision.DEPENDENCIES
ADDED from [io.anyline:anylinesdk:3.20.0] AndroidManifest.xml:17:9-19:39
	android:value
		ADDED from [io.anyline:anylinesdk:3.20.0] AndroidManifest.xml:19:13-36
	android:name
		ADDED from [io.anyline:anylinesdk:3.20.0] AndroidManifest.xml:18:13-70
activity#com.google.android.gms.common.api.GoogleApiActivity
ADDED from [com.google.android.gms:play-services-base:10.0.0] AndroidManifest.xml:19:9-172
	android:exported
		ADDED from [com.google.android.gms:play-services-base:10.0.0] AndroidManifest.xml:19:146-170
	android:theme
		ADDED from [com.google.android.gms:play-services-base:10.0.0] AndroidManifest.xml:19:86-145
	android:name
		ADDED from [com.google.android.gms:play-services-base:10.0.0] AndroidManifest.xml:19:19-85
meta-data#com.google.android.gms.version
ADDED from [com.google.android.gms:play-services-basement:10.0.0] AndroidManifest.xml:20:9-121
	android:value
		ADDED from [com.google.android.gms:play-services-basement:10.0.0] AndroidManifest.xml:20:66-119
	android:name
		ADDED from [com.google.android.gms:play-services-basement:10.0.0] AndroidManifest.xml:20:20-65